<?xml version="1.0" encoding="UTF-8"?>
<!-- Generated by org.testng.reporters.JUnitXMLReporter -->
<testsuite ignored="0" hostname="MicaiCora-PC" failures="1" tests="1" name="SearchAccommodationFunctionalityTest" time="40.072" errors="0" timestamp="2021-04-08T17:33:54 CEST">
  <testcase classname="BookingComProject.SearchAccommodationFunctionalityTest" name="searchAvailableAccommodationTest" time="39.12">
    <failure type="java.lang.AssertionError" message="Dates of reservation do not match. expected [true] but found [false]">
      <![CDATA[java.lang.AssertionError: Dates of reservation do not match. expected [true] but found [false]
at BookingComProject.SearchAccommodationFunctionalityTest.searchAvailableAccommodationTest(SearchAccommodationFunctionalityTest.java:25)
at java.base/java.util.ArrayList.forEach(ArrayList.java:1510)
... Removed 34 stack frames]]>
    </failure>
  </testcase> <!-- searchAvailableAccommodationTest -->
</testsuite> <!-- SearchAccommodationFunctionalityTest -->
