<?xml version="1.0" encoding="UTF-8"?>
<testsuite xmlns:xsi="http://www.w3.org/2001/XMLSchema-instance" xsi:noNamespaceSchemaLocation="https://maven.apache.org/surefire/maven-surefire-plugin/xsd/surefire-test-report-3.0.xsd" version="3.0" name="cucumberOptions.TestRunner" time="92.703" tests="4" errors="0" skipped="0" failures="0">
  <properties>
[...]
</properties>
  <testcase name="Hyper links functionality" classname="Hyper Links" time="30.495">
    <system-out><![CDATA[
Scenario Outline: Hyper links functionality               # src/test/java/features/HyperLinks.feature:10
  Given Navigated to Home Page https:\www.linkedin.com    # stepDefinitions.stepDefinitions.navigated_to_home_page(java.lang.String)
  When Scrolled down to footer hyper links section        # stepDefinitions.stepDefinitions.scrolled_down_to_footer_hyper_links_section()
29
  Then Verify Hyper link functionality with response code # stepDefinitions.stepDefinitions.verify_hyper_link_functionality_with_response_code()
]]></system-out>
    <system-err><![CDATA[SLF4J: Failed to load class "org.slf4j.impl.StaticLoggerBinder".
SLF4J: Defaulting to no-operation (NOP) logger implementation
SLF4J: See http://www.slf4j.org/codes.html#StaticLoggerBinder for further details.
Starting ChromeDriver 90.0.4430.24 (4c6d850f087da467d926e8eddb76550aed655991-refs/branch-heads/4430@{#429}) on port 4746
Only local connections are allowed.
Please see https://chromedriver.chromium.org/security-considerations for suggestions on keeping ChromeDriver safe.
ChromeDriver was started successfully.
Jun 11, 2021 5:30:13 PM org.openqa.selenium.remote.ProtocolHandshake createSession
INFO: Detected dialect: W3C
Jun 11, 2021 5:30:13 PM org.openqa.selenium.devtools.CdpVersionFinder findNearestMatch
WARNING: Unable to find an exact match for CDP version 90, so returning the closest version found: 86
Jun 11, 2021 5:30:13 PM org.openqa.selenium.devtools.CdpVersionFinder findNearestMatch
INFO: Found CDP implementation for version 90 of 86
]]></system-err>
  </testcase>
  <testcase name="Job search with given criteria" classname="JobFinder" time="16.981">
    <system-out><![CDATA[
Scenario Outline: Job search with given criteria        # src/test/java/features/JobFinder.feature:14
  Given Navigated to Home Page https:\www.linkedin.com  # stepDefinitions.stepDefinitions.navigated_to_home_page(java.lang.String)
  And Clicks on Home Page logo                          # stepDefinitions.stepDefinitions.clicks_on_home_page_logo()
  And Clicks on Search for job button                   # stepDefinitions.stepDefinitions.clicks_on_Search_for_job_button()
  When User enters job criteria QA in search jobs box   # stepDefinitions.stepDefinitions.user_enters_job_criteria_in_search_jobs_box(java.lang.String)
Chosen job: QA Engineer
Number of options in the dropdown menu: 10
  And Chooses job result QA Engineer from dropdown list # stepDefinitions.stepDefinitions.chooses_job_result_from_dropdownList(java.lang.String)
Job list size is: 4
Number of jobs in the result information line is: 4
  Then Search results are populated                     # stepDefinitions.stepDefinitions.search_results_are_populated()
  And Verify correct search results                     # stepDefinitions.stepDefinitions.verify_correct_search_results()
]]></system-out>
    <system-err><![CDATA[Starting ChromeDriver 90.0.4430.24 (4c6d850f087da467d926e8eddb76550aed655991-refs/branch-heads/4430@{#429}) on port 34950
Only local connections are allowed.
Please see https://chromedriver.chromium.org/security-considerations for suggestions on keeping ChromeDriver safe.
ChromeDriver was started successfully.
Jun 11, 2021 5:30:40 PM org.openqa.selenium.remote.ProtocolHandshake createSession
INFO: Detected dialect: W3C
Jun 11, 2021 5:30:40 PM org.openqa.selenium.devtools.CdpVersionFinder findNearestMatch
WARNING: Unable to find an exact match for CDP version 90, so returning the closest version found: 86
Jun 11, 2021 5:30:40 PM org.openqa.selenium.devtools.CdpVersionFinder findNearestMatch
INFO: Found CDP implementation for version 90 of 86
]]></system-err>
  </testcase>
  <testcase name="Positive login with valid credentials" classname="Application Login" time="29.34">
    <system-out><![CDATA[
Scenario Outline: Positive login with valid credentials                             # src/test/java/features/Login.feature:11
  Given Navigated to Home Page https:\www.linkedin.com                              # stepDefinitions.stepDefinitions.navigated_to_home_page(java.lang.String)
  And Clicks on Sign in button to navigate to Sign in Page                          # stepDefinitions.stepDefinitions.clicks_on_sign_in_button_to_navigate_to_sign_in_page()
  When User logs in with username milanguzina@yahoo.com and password micantheman123 # stepDefinitions.stepDefinitions.user_logs_in_with_username_and_password(java.lang.String,java.lang.String)
  Then Verify that user is logged in                                                # stepDefinitions.stepDefinitions.verify_that_user_is_logged_in()
]]></system-out>
    <system-err><![CDATA[Starting ChromeDriver 90.0.4430.24 (4c6d850f087da467d926e8eddb76550aed655991-refs/branch-heads/4430@{#429}) on port 11211
Only local connections are allowed.
Please see https://chromedriver.chromium.org/security-considerations for suggestions on keeping ChromeDriver safe.
ChromeDriver was started successfully.
Jun 11, 2021 5:30:57 PM org.openqa.selenium.remote.ProtocolHandshake createSession
INFO: Detected dialect: W3C
Jun 11, 2021 5:30:57 PM org.openqa.selenium.devtools.CdpVersionFinder findNearestMatch
WARNING: Unable to find an exact match for CDP version 90, so returning the closest version found: 86
Jun 11, 2021 5:30:57 PM org.openqa.selenium.devtools.CdpVersionFinder findNearestMatch
INFO: Found CDP implementation for version 90 of 86
Jun 11, 2021 5:31:22 PM org.openqa.selenium.remote.http.WebSocket$Listener onError
WARNING: Connection reset
java.net.SocketException: Connection reset
	at java.base/sun.nio.ch.SocketChannelImpl.throwConnectionReset(SocketChannelImpl.java:345)
	at java.base/sun.nio.ch.SocketChannelImpl.read(SocketChannelImpl.java:376)
	at io.netty.buffer.PooledByteBuf.setBytes(PooledByteBuf.java:253)
	at io.netty.buffer.AbstractByteBuf.writeBytes(AbstractByteBuf.java:1134)
	at io.netty.channel.socket.nio.NioSocketChannel.doReadBytes(NioSocketChannel.java:350)
	at io.netty.channel.nio.AbstractNioByteChannel$NioByteUnsafe.read(AbstractNioByteChannel.java:151)
	at io.netty.channel.nio.NioEventLoop.processSelectedKey(NioEventLoop.java:714)
	at io.netty.channel.nio.NioEventLoop.processSelectedKeysOptimized(NioEventLoop.java:650)
	at io.netty.channel.nio.NioEventLoop.processSelectedKeys(NioEventLoop.java:576)
	at io.netty.channel.nio.NioEventLoop.run(NioEventLoop.java:493)
	at io.netty.util.concurrent.SingleThreadEventExecutor$4.run(SingleThreadEventExecutor.java:989)
	at io.netty.util.internal.ThreadExecutorMap$2.run(ThreadExecutorMap.java:74)
	at io.netty.util.concurrent.FastThreadLocalRunnable.run(FastThreadLocalRunnable.java:30)
	at java.base/java.lang.Thread.run(Thread.java:832)

]]></system-err>
  </testcase>
  <testcase name="Negative login with invalid credentials" classname="Application Login" time="13.648">
    <system-out><![CDATA[
Scenario Outline: Negative login with invalid credentials                          # src/test/java/features/Login.feature:23
  Given Navigated to Home Page https:\www.linkedin.com                             # stepDefinitions.stepDefinitions.navigated_to_home_page(java.lang.String)
  And Clicks on Sign in button to navigate to Sign in Page                         # stepDefinitions.stepDefinitions.clicks_on_sign_in_button_to_navigate_to_sign_in_page()
  When User logs in with username milanguzina@yahoo.com and password wrongpassword # stepDefinitions.stepDefinitions.user_logs_in_with_username_and_password(java.lang.String,java.lang.String)
  Then Verify that user is not logged in                                           # stepDefinitions.stepDefinitions.verify_that_user_is_not_logged_in()
]]></system-out>
    <system-err><![CDATA[Starting ChromeDriver 90.0.4430.24 (4c6d850f087da467d926e8eddb76550aed655991-refs/branch-heads/4430@{#429}) on port 3075
Only local connections are allowed.
Please see https://chromedriver.chromium.org/security-considerations for suggestions on keeping ChromeDriver safe.
ChromeDriver was started successfully.
Jun 11, 2021 5:31:27 PM org.openqa.selenium.remote.ProtocolHandshake createSession
INFO: Detected dialect: W3C
Jun 11, 2021 5:31:27 PM org.openqa.selenium.devtools.CdpVersionFinder findNearestMatch
WARNING: Unable to find an exact match for CDP version 90, so returning the closest version found: 86
Jun 11, 2021 5:31:27 PM org.openqa.selenium.devtools.CdpVersionFinder findNearestMatch
INFO: Found CDP implementation for version 90 of 86
Jun 11, 2021 5:31:37 PM org.openqa.selenium.remote.http.WebSocket$Listener onError
WARNING: Connection reset
java.net.SocketException: Connection reset
	at java.base/sun.nio.ch.SocketChannelImpl.throwConnectionReset(SocketChannelImpl.java:345)
	at java.base/sun.nio.ch.SocketChannelImpl.read(SocketChannelImpl.java:376)
	at io.netty.buffer.PooledByteBuf.setBytes(PooledByteBuf.java:253)
	at io.netty.buffer.AbstractByteBuf.writeBytes(AbstractByteBuf.java:1134)
	at io.netty.channel.socket.nio.NioSocketChannel.doReadBytes(NioSocketChannel.java:350)
	at io.netty.channel.nio.AbstractNioByteChannel$NioByteUnsafe.read(AbstractNioByteChannel.java:151)
	at io.netty.channel.nio.NioEventLoop.processSelectedKey(NioEventLoop.java:714)
	at io.netty.channel.nio.NioEventLoop.processSelectedKeysOptimized(NioEventLoop.java:650)
	at io.netty.channel.nio.NioEventLoop.processSelectedKeys(NioEventLoop.java:576)
	at io.netty.channel.nio.NioEventLoop.run(NioEventLoop.java:493)
	at io.netty.util.concurrent.SingleThreadEventExecutor$4.run(SingleThreadEventExecutor.java:989)
	at io.netty.util.internal.ThreadExecutorMap$2.run(ThreadExecutorMap.java:74)
	at io.netty.util.concurrent.FastThreadLocalRunnable.run(FastThreadLocalRunnable.java:30)
	at java.base/java.lang.Thread.run(Thread.java:832)

]]></system-err>
  </testcase>
</testsuite>